p/PXL_20231220_004701978.jpg 1 0 0 2268 4032
p/PXL_20231220_004655655.jpg 1 0 0 2268 4032
p/PXL_20231220_004649904.jpg 1 0 0 2268 4032
p/PXL_20231220_004641854.jpg 1 0 0 2268 4032
p/PXL_20231220_004638023.jpg 1 0 0 2268 4032
p/PXL_20231220_004634135.jpg 1 0 0 2268 4032
p/PXL_20231220_004629805.jpg 1 0 0 2268 4032
p/PXL_20231220_004613560.jpg 1 0 0 2268 4032
p/PXL_20231220_004559359.jpg 1 0 0 2268 4032
p/PXL_20231220_004552018.jpg 1 0 0 2268 4032
p/PXL_20231220_004546354.jpg 1 0 0 2268 4032
p/PXL_20231220_004540843.jpg 1 0 0 2268 4032
p/PXL_20231220_004536244.jpg 1 0 0 2268 4032
p/PXL_20231220_004516232.jpg 1 0 0 2268 4032
p/PXL_20231220_004510481.jpg 1 0 0 2268 4032
p/PXL_20231220_004505266.jpg 1 0 0 2268 4032
p/PXL_20231220_004500549.jpg 1 0 0 2268 4032
p/PXL_20231220_000825503.jpg 1 0 0 2268 4032
p/PXL_20231220_000816064.jpg 1 0 0 2268 4032
p/PXL_20231220_000810002.jpg 1 0 0 2268 4032
p/PXL_20231220_000804509.jpg 1 0 0 2268 4032
p/PXL_20231220_000801592.jpg 1 0 0 2268 4032
p/PXL_20231220_000740059.jpg 1 0 0 2268 4032
p/PXL_20231220_000733379.jpg 1 0 0 2268 4032
p/PXL_20231220_000729378.jpg 1 0 0 2268 4032
p/PXL_20231220_000726480.jpg 1 0 0 2268 4032
p/PXL_20231220_000718565.jpg 1 0 0 2268 4032
p/PXL_20231220_000715372.jpg 1 0 0 2268 4032
p/PXL_20231220_000707559.jpg 1 0 0 2268 4032
p/PXL_20231220_000705736.jpg 1 0 0 2268 4032
p/PXL_20231220_000648016.jpg 1 0 0 2268 4032
p/PXL_20231220_000645190.jpg 1 0 0 2268 4032
p/PXL_20231220_000643902.jpg 1 0 0 2268 4032
p/PXL_20231220_000639988.jpg 1 0 0 2268 4032
p/PXL_20231220_000635409.jpg 1 0 0 2268 4032
p/PXL_20231220_000636699.jpg 1 0 0 2268 4032
p/PXL_20231220_000632541.jpg 1 0 0 2268 4032
p/PXL_20231220_000607539.jpg 1 0 0 2268 4032
p/PXL_20231220_000603224.jpg 1 0 0 2268 4032
p/PXL_20231220_000547498.jpg 1 0 0 2268 4032
p/PXL_20231220_000543957.jpg 1 0 0 2268 4032
p/PXL_20231220_000538029.jpg 1 0 0 2268 4032
p/PXL_20231220_000531237.jpg 1 0 0 2268 4032
p/PXL_20231220_000530411.jpg 1 0 0 2268 4032
p/PXL_20231220_000520569.jpg 1 0 0 2268 4032
p/PXL_20231220_000432290.jpg 1 0 0 2268 4032
p/PXL_20231220_000427468.jpg 1 0 0 2268 4032
p/PXL_20231220_000422670.jpg 1 0 0 2268 4032
p/PXL_20231219_235418515.jpg 1 0 0 2268 4032
p/PXL_20231219_235415313.jpg 1 0 0 2268 4032
p/PXL_20231219_235409038.jpg 1 0 0 2268 4032
p/PXL_20231219_235405500.jpg 1 0 0 2268 4032
p/PXL_20231219_235359914.jpg 1 0 0 2268 4032
p/PXL_20231219_235354715.jpg 1 0 0 2268 4032
p/PXL_20231219_235338494.jpg 1 0 0 2268 4032
p/PXL_20231219_235335373.jpg 1 0 0 2268 4032
p/PXL_20231219_235330124.jpg 1 0 0 2268 4032
p/PXL_20231219_235320620.jpg 1 0 0 2268 4032
p/PXL_20231219_235316444.jpg 1 0 0 2268 4032
p/PXL_20231219_235312285.jpg 1 0 0 2268 4032
p/PXL_20231219_235308034.jpg 1 0 0 2268 4032
p/PXL_20231219_235259554.jpg 1 0 0 2268 4032
p/PXL_20231219_235253788.jpg 1 0 0 2268 4032
p/PXL_20231219_235208518.jpg 1 0 0 2268 4032
p/PXL_20231219_235202315.jpg 1 0 0 2268 4032
p/PXL_20231219_235155432.MP.jpg 1 0 0 2268 4032
p/PXL_20231219_235152103.jpg 1 0 0 2268 4032
p/PXL_20231219_235149098.MP.jpg 1 0 0 2268 4032
p/PXL_20231219_235139769.jpg 1 0 0 2268 4032
p/PXL_20231219_235132223.jpg 1 0 0 2268 4032
p/PXL_20231219_235126086.jpg 1 0 0 2268 4032
p/PXL_20231219_235121932.jpg 1 0 0 2268 4032
p/PXL_20231219_235116368.jpg 1 0 0 2268 4032
p/PXL_20231219_234715001.jpg 1 0 0 2268 4032
p/PXL_20231219_234703906.jpg 1 0 0 2268 4032
p/PXL_20231219_234702823.jpg 1 0 0 2268 4032
p/PXL_20231219_234657520.jpg 1 0 0 2268 4032
p/PXL_20231219_234651322.jpg 1 0 0 2268 4032
p/PXL_20231219_234652985.jpg 1 0 0 2268 4032
p/PXL_20231219_234648712.jpg 1 0 0 2268 4032
p/PXL_20231219_234629399.jpg 1 0 0 2268 4032
p/PXL_20231219_234626566.MP.jpg 1 0 0 2268 4032
p/PXL_20231219_234623764.jpg 1 0 0 2268 4032
p/PXL_20231219_234620164.jpg 1 0 0 2268 4032
p/PXL_20231219_234615484.jpg 1 0 0 2268 4032
p/PXL_20231219_234611293.jpg 1 0 0 2268 4032
p/PXL_20231219_234608180.jpg 1 0 0 2268 4032
p/PXL_20231219_234531096.jpg 1 0 0 2268 4032
p/PXL_20231219_234518586.jpg 1 0 0 2268 4032
p/PXL_20231219_234510675.jpg 1 0 0 2268 4032
p/PXL_20231219_234506252.jpg 1 0 0 2268 4032
p/PXL_20231219_234502650.jpg 1 0 0 2268 4032
p/PXL_20231219_234458644.jpg 1 0 0 2268 4032
p/PXL_20231219_234433759.jpg 1 0 0 2268 4032
p/PXL_20231219_234429102.jpg 1 0 0 2268 4032
p/PXL_20231219_234426041.jpg 1 0 0 2268 4032
p/PXL_20231219_234422306.jpg 1 0 0 2268 4032
p/PXL_20231219_234411278.MP.jpg 1 0 0 2268 4032
p/PXL_20231219_234407162.jpg 1 0 0 2268 4032
p/PXL_20231219_234400723.jpg 1 0 0 2268 4032
p/PXL_20231219_234354209.jpg 1 0 0 2268 4032
p/PXL_20231219_234346542.jpg 1 0 0 2268 4032
p/PXL_20231219_234015086.jpg 1 0 0 2268 4032
p/PXL_20231219_234006933.jpg 1 0 0 2268 4032
p/PXL_20231219_233952134.jpg 1 0 0 2268 4032
p/PXL_20231219_233947101.jpg 1 0 0 2268 4032
p/PXL_20231219_233900962.jpg 1 0 0 2268 4032
p/PXL_20231219_233853080.jpg 1 0 0 2268 4032
p/PXL_20231219_233845253.jpg 1 0 0 2268 4032
p/PXL_20231219_233839658.jpg 1 0 0 2268 4032
p/PXL_20231219_233741403.jpg 1 0 0 2268 4032
p/PXL_20231219_233736891.jpg 1 0 0 2268 4032
p/PXL_20231219_233732155.jpg 1 0 0 2268 4032
p/PXL_20231219_233719359.jpg 1 0 0 2268 4032
p/PXL_20231219_233714529.jpg 1 0 0 2268 4032
p/PXL_20231219_233708766.jpg 1 0 0 2268 4032
p/PXL_20231219_233654782.jpg 1 0 0 2268 4032
p/PXL_20231219_233651441.jpg 1 0 0 2268 4032
p/PXL_20231219_233644370.jpg 1 0 0 2268 4032
p/PXL_20231219_233638109.jpg 1 0 0 2268 4032
p/PXL_20231219_233631858.jpg 1 0 0 2268 4032
p/PXL_20231219_233625470.jpg 1 0 0 2268 4032
p/PXL_20231219_233450330.jpg 1 0 0 2268 4032
p/PXL_20231219_233446310.jpg 1 0 0 2268 4032
p/PXL_20231219_233421520.jpg 1 0 0 2268 4032
p/PXL_20231219_233412084.jpg 1 0 0 2268 4032
p/PXL_20231219_233355416.jpg 1 0 0 2268 4032
p/PXL_20231219_233353779.jpg 1 0 0 2268 4032
p/PXL_20231219_233302707.MP.jpg 1 0 0 2268 4032
p/PXL_20231219_233213062.jpg 1 0 0 2268 4032
p/PXL_20231219_233159574.jpg 1 0 0 2268 4032
p/PXL_20231219_233156874.jpg 1 0 0 2268 4032
p/PXL_20231219_233150602.jpg 1 0 0 2268 4032
p/PXL_20231219_233144254.jpg 1 0 0 2268 4032
p/PXL_20231219_233132319.jpg 1 0 0 2268 4032
p/PXL_20231219_233117800.jpg 1 0 0 2268 4032
p/PXL_20231219_233106951.jpg 1 0 0 2268 4032
p/PXL_20231219_233103862.jpg 1 0 0 2268 4032
p/PXL_20231219_233058030.jpg 1 0 0 2268 4032
p/PXL_20231219_233052164.jpg 1 0 0 2268 4032
p/PXL_20231219_233041033.jpg 1 0 0 2268 4032
p/PXL_20231219_233031928.jpg 1 0 0 2268 4032
p/PXL_20231219_233025434.jpg 1 0 0 2268 4032
p/PXL_20231219_233021171.jpg 1 0 0 2268 4032
p/PXL_20231219_233016282.jpg 1 0 0 2268 4032
p/PXL_20231219_233010834.jpg 1 0 0 2268 4032
p/PXL_20231219_232158714.jpg 1 0 0 2268 4032
p/PXL_20231219_232156938.jpg 1 0 0 2268 4032
p/PXL_20231219_232153256.jpg 1 0 0 2268 4032
p/PXL_20231219_232148250.jpg 1 0 0 2268 4032
p/PXL_20231219_232141225.jpg 1 0 0 2268 4032
p/PXL_20231219_232057450.jpg 1 0 0 2268 4032
p/PXL_20231219_232047785.jpg 1 0 0 2268 4032
p/PXL_20231219_232048877.jpg 1 0 0 2268 4032
p/PXL_20231219_232033795.jpg 1 0 0 2268 4032
p/PXL_20231219_232031030.jpg 1 0 0 2268 4032
p/PXL_20231219_232024635.jpg 1 0 0 2268 4032
p/PXL_20231219_232010831.jpg 1 0 0 2268 4032
p/PXL_20231219_232011917.jpg 1 0 0 2268 4032
p/PXL_20231219_232007051.MP.jpg 1 0 0 2268 4032
p/PXL_20231219_232006075.jpg 1 0 0 2268 4032
p/PXL_20231219_232000296.jpg 1 0 0 2268 4032
p/PXL_20231219_231956502.jpg 1 0 0 2268 4032
p/PXL_20231219_231952770.MP.jpg 1 0 0 2268 4032
p/PXL_20231219_231909354.MP.jpg 1 0 0 2268 4032
p/PXL_20231219_231910886.jpg 1 0 0 2268 4032
p/PXL_20231219_231901865.jpg 1 0 0 2268 4032
p/PXL_20231219_231900748.jpg 1 0 0 2268 4032
p/PXL_20231219_231829895.MP.jpg 1 0 0 2268 4032
p/PXL_20231219_231818717.MP.jpg 1 0 0 2268 4032
p/PXL_20231219_231819956.jpg 1 0 0 2268 4032
p/PXL_20231219_231813033.MP.jpg 1 0 0 2268 4032
p/PXL_20231219_231804744.MP.jpg 1 0 0 2268 4032
p/PXL_20231219_231805789.jpg 1 0 0 2268 4032
p/PXL_20231219_231759436.jpg 1 0 0 2268 4032
p/PXL_20231219_231756711.jpg 1 0 0 2268 4032
p/PXL_20231219_231621219.jpg 1 0 0 2268 4032
p/PXL_20231219_231613561.MP.jpg 1 0 0 2268 4032
p/PXL_20231219_231607620.jpg 1 0 0 2268 4032
p/PXL_20231219_231604983.jpg 1 0 0 2268 4032
p/PXL_20231219_231606291.jpg 1 0 0 2268 4032
p/PXL_20231219_231557229.jpg 1 0 0 2268 4032
p/PXL_20231219_231543292.jpg 1 0 0 2268 4032
p/PXL_20231219_231537852.jpg 1 0 0 2268 4032
p/PXL_20231219_231509868.jpg 1 0 0 2268 4032
p/PXL_20231219_231505558.jpg 1 0 0 2268 4032
p/PXL_20231219_231455057.jpg 1 0 0 2268 4032
p/PXL_20231219_231456220.jpg 1 0 0 2268 4032
p/PXL_20231219_231449493.jpg 1 0 0 2268 4032
p/PXL_20231219_231425623.jpg 1 0 0 2268 4032
p/PXL_20231219_231424016.jpg 1 0 0 2268 4032
p/PXL_20231219_231404092.jpg 1 0 0 2268 4032
p/PXL_20231219_231401353.jpg 1 0 0 2268 4032
p/PXL_20231219_231356408.jpg 1 0 0 2268 4032
p/PXL_20231219_231354515.jpg 1 0 0 2268 4032
p/PXL_20231219_231344761.jpg 1 0 0 2268 4032
p/PXL_20231219_231203555.jpg 1 0 0 2268 4032
p/PXL_20231219_231201639.jpg 1 0 0 2268 4032
p/PXL_20231219_231147729.jpg 1 0 0 2268 4032
p/PXL_20231219_231145122.MP.jpg 1 0 0 2268 4032
p/PXL_20231219_231139357.jpg 1 0 0 2268 4032
p/PXL_20231219_231138477.jpg 1 0 0 2268 4032
p/PXL_20231219_231128621.jpg 1 0 0 2268 4032
p/PXL_20231219_231129825.jpg 1 0 0 2268 4032
p/PXL_20231219_230859463.MP.jpg 1 0 0 2268 4032
p/PXL_20231219_230825327.jpg 1 0 0 2268 4032
p/PXL_20231219_230822976.jpg 1 0 0 2268 4032
p/PXL_20231219_230819567.jpg 1 0 0 2268 4032
p/PXL_20231219_230816295.MP.jpg 1 0 0 2268 4032
p/PXL_20231219_230803573.jpg 1 0 0 2268 4032
p/PXL_20231219_230801197.jpg 1 0 0 2268 4032
p/PXL_20231219_230756950.jpg 1 0 0 2268 4032
p/PXL_20231219_230758357.jpg 1 0 0 2268 4032
p/PXL_20231219_230724466.jpg 1 0 0 2268 4032
p/PXL_20231219_230725701.jpg 1 0 0 2268 4032
p/PXL_20231219_230723082.jpg 1 0 0 2268 4032
p/PXL_20231219_230717626.jpg 1 0 0 2268 4032
p/PXL_20231219_230716126.MP.jpg 1 0 0 2268 4032
p/PXL_20231219_230710419.jpg 1 0 0 2268 4032
p/PXL_20231219_230705250.MP.jpg 1 0 0 2268 4032
p/PXL_20231219_230703542.MP.jpg 1 0 0 2268 4032
p/PXL_20231219_230702400.jpg 1 0 0 2268 4032
p/PXL_20231219_230653924.jpg 1 0 0 4032 2268
p/PXL_20231219_230651529.MP.jpg 1 0 0 4032 2268
p/PXL_20231219_230649635.jpg 1 0 0 4032 2268
p/PXL_20231212_190154478.jpg 1 0 0 4032 2268
p/PXL_20231212_190330150.jpg 1 0 0 2268 4032
p/PXL_20231212_190547787.jpg 1 0 0 2268 4032
p/PXL_20231212_190658524.jpg 1 0 0 2268 4032
p/PXL_20231212_190703470.jpg 1 0 0 2268 4032
p/PXL_20231212_190706039.jpg 1 0 0 4032 2268
p/PXL_20231212_190725289.jpg 1 0 0 2268 4032
p/PXL_20231212_190801727.jpg 1 0 0 4032 2268
p/PXL_20231212_190804052.jpg 1 0 0 2268 4032
p/PXL_20231212_190807778.jpg 1 0 0 2268 4032
p/PXL_20231212_190808913.jpg 1 0 0 2268 4032
p/PXL_20231212_190331627.jpg 1 0 0 2268 4032
p/PXL_20231212_190357044.jpg 1 0 0 2268 4032
p/PXL_20231212_190424629.jpg 1 0 0 4032 2268
p/PXL_20231212_190425963.jpg 1 0 0 4032 2268
p/PXL_20231212_190428860.jpg 1 0 0 2268 4032
p/PXL_20231212_190438282.jpg 1 0 0 2268 4032
p/PXL_20231212_190525043.jpg 1 0 0 4032 2268
p/PXL_20231212_190526331.jpg 1 0 0 4032 2268
p/PXL_20231212_190530903.jpg 1 0 0 2268 4032
p/PXL_20231212_190539819.jpg 1 0 0 4032 2268
p/PXL_20231212_190549865.jpg 1 0 0 4032 2268
p/PXL_20231212_190550819.jpg 1 0 0 4032 2268
p/PXL_20231212_190551403.jpg 1 0 0 4032 2268
p/PXL_20231212_190655395.jpg 1 0 0 4032 2268
p/PXL_20231212_190659463.jpg 1 0 0 2268 4032
p/PXL_20231212_190701143.jpg 1 0 0 4032 2268
p/PXL_20231210_173221808.jpg 1 0 0 4032 2268
p/PXL_20231210_173224784.jpg 1 0 0 2268 4032
p/PXL_20231210_173235555.jpg 1 0 0 2268 4032
p/PXL_20231212_185934384.jpg 1 0 0 2268 4032
p/PXL_20231212_190032217.jpg 1 0 0 4032 2268
p/PXL_20231212_190156358.jpg 1 0 0 4032 2268
p/PXL_20231212_190157047.jpg 1 0 0 4032 2268
p/PXL_20231212_190158281.jpg 1 0 0 4032 2268
p/PXL_20231212_190158975.jpg 1 0 0 2268 4032
p/PXL_20231212_190200686.jpg 1 0 0 2268 4032
p/PXL_20231212_190203039.jpg 1 0 0 2268 4032
p/PXL_20231212_190206015.jpg 1 0 0 4032 2268
p/PXL_20231212_190207419.jpg 1 0 0 2268 4032
p/PXL_20231212_190327709.jpg 1 0 0 4032 2268
p/PXL_20231212_190333225.jpg 1 0 0 2268 4032
p/PXL_20231212_190335203.jpg 1 0 0 2268 4032
p/PXL_20231212_190427501.jpg 1 0 0 2268 4032
p/PXL_20231212_190523374.jpg 1 0 0 4032 2268
p/PXL_20231212_190530090.jpg 1 0 0 2268 4032
p/PXL_20231212_190544376.jpg 1 0 0 2268 4032
p/1703050823180.jpg 1 0 0 4032 2268
p/1703050823181.jpg 1 0 0 4032 2268
p/1703050823182.jpg 1 0 0 4032 2268
p/1703050823183.jpg 1 0 0 4032 2268
p/1703050823184.jpg 1 0 0 4032 2268
p/1703050823185.jpg 1 0 0 2268 4032
p/PXL_20231210_173229145.jpg 1 0 0 4032 2268
p/PXL_20231210_173230090.jpg 1 0 0 4032 2268
p/PXL_20231210_173230746.jpg 1 0 0 4032 2268
p/PXL_20231210_173234316.jpg 1 0 0 2268 4032
p/PXL_20231212_185927494.jpg 1 0 0 4032 2268
p/PXL_20231212_185928232.jpg 1 0 0 4032 2268
p/PXL_20231212_185928795.jpg 1 0 0 4032 2268
p/PXL_20231212_190022067.jpg 1 0 0 4032 2268
p/PXL_20231212_190022909.jpg 1 0 0 4032 2268
p/PXL_20231212_190029088.jpg 1 0 0 2268 4032
p/PXL_20231212_190029963.jpg 1 0 0 2268 4032
p/PXL_20231212_190030528.jpg 1 0 0 2268 4032
p/PXL_20231212_190122318.jpg 1 0 0 4032 2268
p/PXL_20231212_190142233.jpg 1 0 0 4032 2268
p/PXL_20231212_190153758.jpg 1 0 0 4032 2268
p/PXL_20231212_190155683.jpg 1 0 0 4032 2268
p/PXL_20231212_190023626.jpg 1 0 0 4032 2268
p/PXL_20231212_190027663.jpg 1 0 0 2268 4032